<?xml version="1.0" encoding="UTF-8"?>
<!-- Generated by org.testng.reporters.JUnitReportReporter -->
<testsuite hostname="Abhilashs-MacBook-Pro.local" failures="0" tests="1" name="tests.OpenweatherAPIPageTest" time="5.922" errors="0" timestamp="2021-08-19T23:54:06 IST" skipped="0">
  <testcase classname="tests.OpenweatherAPIPageTest" name="checkStatusCode" time="5.922"/>
  <system-out/>
</testsuite> <!-- tests.OpenweatherAPIPageTest -->
