<?xml version="1.0" encoding="UTF-8"?>
<!-- Generated by org.testng.reporters.JUnitReportReporter -->
<testsuite hostname="Abhilashs-MacBook-Pro.local" failures="0" tests="1" name="tests.CompareweatherParameters" time="0.001" errors="0" timestamp="2021-08-21T00:38:53 IST" skipped="0">
  <testcase classname="tests.CompareweatherParameters" name="compare" time="0.001"/>
  <system-out/>
</testsuite> <!-- tests.CompareweatherParameters -->
